<?xml version="1.0" encoding="UTF-8"?>
<testsuite name="com.uniquindio.sebas.guia5.Guia5ApplicationTests" tests="1" skipped="0" failures="0" errors="0" timestamp="2025-05-08T15:29:33" hostname="fedora" time="0.045">
  <properties/>
  <testcase name="contextLoads()" classname="com.uniquindio.sebas.guia5.Guia5ApplicationTests" time="0.045"/>
  <system-out><![CDATA[]]></system-out>
  <system-err><![CDATA[]]></system-err>
</testsuite>
